<?xml version="1.0" encoding="utf-8"?><testsuites name="pytest tests"><testsuite name="pytest" errors="0" failures="0" skipped="0" tests="13" time="1.604" timestamp="2026-06-25T11:21:40.381755+00:00" hostname="agent-env-f2477920-d013-47d1-9080-2cd0d0914b65"><testcase classname="backend.tests.test_give_btc_edge_cases" name="test_give_btc_non_admin_returns_403" time="0.424" /><testcase classname="backend.tests.test_give_btc_edge_cases" name="test_give_btc_amount_zero_returns_400" time="0.044" /><testcase classname="backend.tests.test_give_btc_edge_cases" name="test_give_btc_amount_negative_returns_400" time="0.045" /><testcase classname="backend.tests.test_give_btc_edge_cases" name="test_give_btc_bogus_user_id_returns_404_fast" time="0.047" /><testcase classname="backend.tests.test_give_btc_edge_cases" name="test_give_btc_happy_path_increments_balance" time="0.144" /><testcase classname="backend.tests.test_admin_actions" name="test_activity_recent_public" time="0.131" /><testcase classname="backend.tests.test_admin_actions" name="test_admin_users_requires_auth" time="0.047" /><testcase classname="backend.tests.test_admin_actions" name="test_admin_users_rejects_non_admin" time="0.125" /><testcase classname="backend.tests.test_admin_actions" name="test_admin_give_btc_rejects_non_admin" time="0.043" /><testcase classname="backend.tests.test_admin_actions" name="test_admin_users_has_expected_fields" time="0.099" /><testcase classname="backend.tests.test_admin_actions" name="test_give_btc_to_test_user" time="0.130" /><testcase classname="backend.tests.test_admin_actions" name="test_reset_test_user" time="0.128" /><testcase classname="backend.tests.test_admin_actions" name="test_delete_throwaway_user" time="0.135" /></testsuite></testsuites>