<?xml version="1.0" encoding="utf-8"?><testsuites name="pytest tests"><testsuite name="pytest" errors="0" failures="0" skipped="0" tests="8" time="3.525" timestamp="2026-06-25T12:50:24.336538+00:00" hostname="agent-env-f2477920-d013-47d1-9080-2cd0d0914b65"><testcase classname="backend.tests.test_iteration_7_reject_address.TestRejectAddressChange" name="test_reject_happy_path_with_reason" time="1.275" /><testcase classname="backend.tests.test_iteration_7_reject_address.TestRejectAddressChange" name="test_reject_no_pending_returns_404" time="0.218" /><testcase classname="backend.tests.test_iteration_7_reject_address.TestRejectAddressChange" name="test_reject_non_admin_returns_403" time="0.099" /><testcase classname="backend.tests.test_iteration_7_reject_address.TestRejectAddressChange" name="test_reject_with_empty_reason" time="0.450" /><testcase classname="backend.tests.test_iteration_7_reject_address.TestRejectAddressChange" name="test_reject_with_missing_reason_body" time="0.399" /><testcase classname="backend.tests.test_iteration_7_reject_address.TestRegressionApproveAndRequest" name="test_approve_still_works" time="0.784" /><testcase classname="backend.tests.test_iteration_7_reject_address.TestRegressionApproveAndRequest" name="test_pending_list_endpoint_still_works" time="0.142" /><testcase classname="backend.tests.test_iteration_7_reject_address.TestRegressionApproveAndRequest" name="test_request_change_validation_unaffected" time="0.103" /></testsuite></testsuites>