<?xml version="1.0" encoding="utf-8"?><testsuites name="pytest tests"><testsuite name="pytest" errors="0" failures="0" skipped="0" tests="28" time="4.563" timestamp="2026-06-25T12:29:52.632809+00:00" hostname="agent-env-f2477920-d013-47d1-9080-2cd0d0914b65"><testcase classname="backend.tests.test_iteration_6_features.TestAdjustBalance" name="test_add_increments" time="0.595" /><testcase classname="backend.tests.test_iteration_6_features.TestAdjustBalance" name="test_remove_decrements" time="0.255" /><testcase classname="backend.tests.test_iteration_6_features.TestAdjustBalance" name="test_remove_clamps_at_zero" time="0.101" /><testcase classname="backend.tests.test_iteration_6_features.TestAdjustBalance" name="test_set_exact_balance" time="0.109" /><testcase classname="backend.tests.test_iteration_6_features.TestAdjustBalance" name="test_set_zero_is_allowed" time="0.113" /><testcase classname="backend.tests.test_iteration_6_features.TestAdjustBalance" name="test_invalid_operation_400" time="0.098" /><testcase classname="backend.tests.test_iteration_6_features.TestAdjustBalance" name="test_negative_amount_400" time="0.110" /><testcase classname="backend.tests.test_iteration_6_features.TestAdjustBalance" name="test_add_zero_amount_400" time="0.102" /><testcase classname="backend.tests.test_iteration_6_features.TestAdjustBalance" name="test_remove_zero_amount_400" time="0.109" /><testcase classname="backend.tests.test_iteration_6_features.TestAdminSetAddress" name="test_set_address_seeds_test_user" time="0.110" /><testcase classname="backend.tests.test_iteration_6_features.TestAdminSetAddress" name="test_set_address_persists" time="0.105" /><testcase classname="backend.tests.test_iteration_6_features.TestAdminSetAddress" name="test_set_address_empty_400" time="0.101" /><testcase classname="backend.tests.test_iteration_6_features.TestAdminSetAddress" name="test_set_address_non_admin_403" time="0.195" /><testcase classname="backend.tests.test_iteration_6_features.TestUserAddressChangeRequest" name="test_wrong_password_401" time="0.102" /><testcase classname="backend.tests.test_iteration_6_features.TestUserAddressChangeRequest" name="test_invalid_address_format_400" time="0.100" /><testcase classname="backend.tests.test_iteration_6_features.TestUserAddressChangeRequest" name="test_same_as_current_400" time="0.110" /><testcase classname="backend.tests.test_iteration_6_features.TestUserAddressChangeRequest" name="test_valid_request_200_and_pending_set" time="0.209" /><testcase classname="backend.tests.test_iteration_6_features.TestAdminPendingAddressChanges" name="test_pending_list_includes_test_user" time="0.097" /><testcase classname="backend.tests.test_iteration_6_features.TestAdminPendingAddressChanges" name="test_pending_list_non_admin_403" time="0.099" /><testcase classname="backend.tests.test_iteration_6_features.TestAdminPendingAddressChanges" name="test_approve_address_change" time="0.213" /><testcase classname="backend.tests.test_iteration_6_features.TestAdminPendingAddressChanges" name="test_approve_with_no_pending_404" time="0.104" /><testcase classname="backend.tests.test_iteration_6_features.TestAdminPendingAddressChanges" name="test_approve_non_admin_403" time="0.113" /><testcase classname="backend.tests.test_iteration_6_features" name="test_wallet_status_pending_null_when_no_request" time="0.116" /><testcase classname="backend.tests.test_iteration_6_features.TestLightningLane" name="test_lightning_invalid_invoice_400" time="0.098" /><testcase classname="backend.tests.test_iteration_6_features.TestLightningLane" name="test_lightning_amount_mismatch_400" time="0.104" /><testcase classname="backend.tests.test_iteration_6_features.TestLightningLane" name="test_lightning_bypass_wallet_gate_with_valid_match" time="0.112" /><testcase classname="backend.tests.test_iteration_6_features.TestLightningLane" name="test_bitcoin_network_without_connected_wallet_403" time="0.417" /><testcase classname="backend.tests.test_iteration_6_features.TestLightningLane" name="test_lightning_bypass_for_disconnected_user" time="0.409" /></testsuite></testsuites>