<?xml version="1.0" encoding="utf-8"?><testsuites name="pytest tests"><testsuite name="pytest" errors="0" failures="0" skipped="0" tests="5" time="4.239" timestamp="2026-06-26T16:15:28.754303+00:00" hostname="agent-env-fe6ea8ca-ca11-4298-99bb-4374e402c6fb"><testcase classname="backend.tests.test_iteration_12_btc_withdrawal_clear_error" name="test_withdraw_requires_auth" time="0.247" /><testcase classname="backend.tests.test_iteration_12_btc_withdrawal_clear_error" name="test_min_amount_enforced_for_connected_user" time="0.340" /><testcase classname="backend.tests.test_iteration_12_btc_withdrawal_clear_error" name="test_insufficient_balance_itemized" time="0.519" /><testcase classname="backend.tests.test_iteration_12_btc_withdrawal_clear_error.TestClearErrorAndRefund" name="test_clear_kraken_error_and_full_refund" time="2.272" /><testcase classname="backend.tests.test_iteration_12_btc_withdrawal_clear_error.TestClearErrorAndRefund" name="test_status_is_not_503_nor_502" time="0.803" /></testsuite></testsuites>