<?xml version="1.0" encoding="utf-8"?><testsuites name="pytest tests"><testsuite name="pytest" errors="0" failures="0" skipped="0" tests="13" time="18.454" timestamp="2026-06-25T17:15:12.886830+00:00" hostname="agent-env-f2477920-d013-47d1-9080-2cd0d0914b65"><testcase classname="backend.tests.test_regression_smoke_iter10" name="test_health" time="0.270" /><testcase classname="backend.tests.test_regression_smoke_iter10" name="test_admin_login_works" time="0.170" /><testcase classname="backend.tests.test_regression_smoke_iter10" name="test_user_login_works" time="0.098" /><testcase classname="backend.tests.test_regression_smoke_iter10" name="test_core_read_endpoints[/api/wallet/balance]" time="0.151" /><testcase classname="backend.tests.test_regression_smoke_iter10" name="test_core_read_endpoints[/api/wallet/status]" time="0.146" /><testcase classname="backend.tests.test_regression_smoke_iter10" name="test_core_read_endpoints[/api/miners/list]" time="0.110" /><testcase classname="backend.tests.test_regression_smoke_iter10" name="test_core_read_endpoints[/api/store/miners]" time="0.115" /><testcase classname="backend.tests.test_regression_smoke_iter10" name="test_core_read_endpoints[/api/activity/recent]" time="0.116" /><testcase classname="backend.tests.test_regression_smoke_iter10" name="test_admin_users_admin_ok" time="0.155" /><testcase classname="backend.tests.test_regression_smoke_iter10" name="test_admin_users_non_admin_forbidden" time="0.104" /><testcase classname="backend.tests.test_regression_smoke_iter10" name="test_admin_pending_address_changes" time="0.113" /><testcase classname="backend.tests.test_regression_smoke_iter10" name="test_admin_give_btc_add_small" time="0.380" /><testcase classname="backend.tests.test_regression_smoke_iter10" name="test_background_mining_credits_balance" time="16.473" /></testsuite></testsuites>