<?xml version="1.0" encoding="utf-8"?><testsuites name="pytest tests"><testsuite name="pytest" errors="0" failures="0" skipped="0" tests="4" time="3.509" timestamp="2026-06-23T21:00:07.325459+00:00" hostname="agent-env-f2477920-d013-47d1-9080-2cd0d0914b65"><testcase classname="backend.tests.test_iteration_4_hashrate_changes.TestStoreMinerDoubledHashrates" name="test_store_returns_doubled_hashrates_and_unchanged_prices" time="0.369" /><testcase classname="backend.tests.test_iteration_4_hashrate_changes.TestStoreMinerDoubledHashrates" name="test_store_catalog_and_paypal_catalog_match_after_doubling" time="2.937" /><testcase classname="backend.tests.test_iteration_4_hashrate_changes.TestActivateFreeMiner" name="test_activate_free_miner_creates_10ghs_miner" time="0.091" /><testcase classname="backend.tests.test_iteration_4_hashrate_changes.TestRewardedAdMiner" name="test_watch_miner_activation_ad_returns_20ghs_24h" time="0.053" /></testsuite></testsuites>