<?xml version="1.0" encoding="utf-8"?><testsuites name="pytest tests"><testsuite name="pytest" errors="0" failures="0" skipped="0" tests="7" time="2.138" timestamp="2026-06-25T13:13:15.211740+00:00" hostname="agent-env-f2477920-d013-47d1-9080-2cd0d0914b65"><testcase classname="backend.tests.test_iteration_8_rejection_notice.TestRejectionNoticeFlow" name="test_01_request_address_change" time="0.583" /><testcase classname="backend.tests.test_iteration_8_rejection_notice.TestRejectionNoticeFlow" name="test_02_admin_rejects_with_reason" time="0.101" /><testcase classname="backend.tests.test_iteration_8_rejection_notice.TestRejectionNoticeFlow" name="test_03_status_shows_rejection" time="0.109" /><testcase classname="backend.tests.test_iteration_8_rejection_notice.TestRejectionNoticeFlow" name="test_04_dismiss_rejection_clears_it" time="0.204" /><testcase classname="backend.tests.test_iteration_8_rejection_notice.TestRejectionNoticeFlow" name="test_05_new_request_clears_existing_rejection" time="0.572" /><testcase classname="backend.tests.test_iteration_8_rejection_notice.TestRejectionNoticeFlow" name="test_06_dismiss_requires_auth" time="0.105" /><testcase classname="backend.tests.test_iteration_8_rejection_notice.TestCleanup" name="test_99_admin_cleans_pending_and_rejection" time="0.417" /></testsuite></testsuites>