<?xml version="1.0" encoding="utf-8"?><testsuites name="pytest tests"><testsuite name="pytest" errors="0" failures="0" skipped="0" tests="11" time="47.878" timestamp="2026-06-25T16:01:32.355054+00:00" hostname="agent-env-f2477920-d013-47d1-9080-2cd0d0914b65"><testcase classname="tests.test_iteration_9_perf_refactor.TestRegressionSmoke" name="test_auth_login" time="0.309" /><testcase classname="tests.test_iteration_9_perf_refactor.TestRegressionSmoke" name="test_wallet_balance" time="0.378" /><testcase classname="tests.test_iteration_9_perf_refactor.TestRegressionSmoke" name="test_miners_list" time="0.187" /><testcase classname="tests.test_iteration_9_perf_refactor.TestRegressionSmoke" name="test_store_miners" time="0.133" /><testcase classname="tests.test_iteration_9_perf_refactor.TestActivityRecent" name="test_endpoint_returns_200_well_formed" time="0.109" /><testcase classname="tests.test_iteration_9_perf_refactor.TestActivityRecent" name="test_activity_items_well_formed" time="0.126" /><testcase classname="tests.test_iteration_9_perf_refactor.TestActivityRecent" name="test_empty_activity_does_not_error" time="0.128" /><testcase classname="tests.test_iteration_9_perf_refactor.TestMiningEarnings" name="test_balance_increases_after_wait" time="16.313" /><testcase classname="tests.test_iteration_9_perf_refactor.TestMiningEarnings" name="test_earning_transactions_recorded" time="11.061" /><testcase classname="tests.test_iteration_9_perf_refactor.TestCheckExpiredMiners" name="test_time_remaining_decreases" time="11.001" /><testcase classname="tests.test_iteration_9_perf_refactor.TestCheckExpiredMiners" name="test_expired_miner_gets_deactivated" time="8.002" /></testsuite></testsuites>