<?xml version="1.0" encoding="utf-8"?><testsuites name="pytest tests"><testsuite name="pytest" errors="0" failures="1" skipped="0" tests="8" time="3.867" timestamp="2026-06-26T16:03:40.802949+00:00" hostname="agent-env-fe6ea8ca-ca11-4298-99bb-4374e402c6fb"><testcase classname="backend.tests.test_iteration_11_btc_withdrawal_fees" name="test_network_fee_endpoint" time="0.359" /><testcase classname="backend.tests.test_iteration_11_btc_withdrawal_fees" name="test_withdraw_requires_auth" time="0.076" /><testcase classname="backend.tests.test_iteration_11_btc_withdrawal_fees.TestValidation" name="test_amount_zero_rejected" time="0.139" /><testcase classname="backend.tests.test_iteration_11_btc_withdrawal_fees.TestValidation" name="test_bitcoin_min_message" time="0.105" /><testcase classname="backend.tests.test_iteration_11_btc_withdrawal_fees.TestValidation" name="test_bitcoin_min_message_with_fresh_user" time="0.169" /><testcase classname="backend.tests.test_iteration_11_btc_withdrawal_fees.TestValidation" name="test_amount_negative_rejected" time="0.052" /><testcase classname="backend.tests.test_iteration_11_btc_withdrawal_fees.TestInsufficientBalance" name="test_insufficient_balance_itemized" time="0.119" /><testcase classname="backend.tests.test_iteration_11_btc_withdrawal_fees.TestKrakenWhitelistAndRefund" name="test_fee_math_and_kraken_not_whitelisted_refund" time="2.764"><failure message="AssertionError: Expected clear 'not whitelisted' error from backend (not a generic 500). status=500, body={&quot;detail&quot;:&quot;Bitcoin network error occurred. Your balance has been restored. Please try again later.&quot;}&#10;assert (False)">backend/tests/test_iteration_11_btc_withdrawal_fees.py:246: in test_fee_math_and_kraken_not_whitelisted_refund
    assert clear_error and not generic_500, (
E   AssertionError: Expected clear 'not whitelisted' error from backend (not a generic 500). status=500, body={"detail":"Bitcoin network error occurred. Your balance has been restored. Please try again later."}
E   assert (False)</failure></testcase></testsuite></testsuites>