<?xml version="1.0" encoding="utf-8"?><testsuites name="pytest tests"><testsuite name="pytest" errors="0" failures="0" skipped="0" tests="13" time="1.969" timestamp="2026-06-23T18:58:23.754205+00:00" hostname="agent-env-f2477920-d013-47d1-9080-2cd0d0914b65"><testcase classname="backend.tests.test_paypal_flow.TestPayPalFlow" name="test_create_paypal_order_returns_approval_url" time="0.662" /><testcase classname="backend.tests.test_paypal_flow.TestPayPalFlow" name="test_create_paypal_order_unauth_rejected" time="0.046" /><testcase classname="backend.tests.test_paypal_flow.TestPayPalFlow" name="test_create_paypal_order_unknown_miner_404" time="0.049" /><testcase classname="backend.tests.test_paypal_flow.TestPayPalFlow" name="test_paypal_return_reachable_with_deep_link" time="0.048" /><testcase classname="backend.tests.test_paypal_flow.TestPayPalFlow" name="test_paypal_cancel_returns_deep_link" time="0.054" /><testcase classname="backend.tests.test_paypal_flow.TestLoadAppDataEndpoints" name="test_auth_me" time="0.096" /><testcase classname="backend.tests.test_paypal_flow.TestLoadAppDataEndpoints" name="test_wallet_balance" time="0.149" /><testcase classname="backend.tests.test_paypal_flow.TestLoadAppDataEndpoints" name="test_wallet_status" time="0.446" /><testcase classname="backend.tests.test_paypal_flow.TestLoadAppDataEndpoints" name="test_miners_list" time="0.056" /><testcase classname="backend.tests.test_paypal_flow.TestLoadAppDataEndpoints" name="test_store_miners" time="0.058" /><testcase classname="backend.tests.test_paypal_flow.TestLoadAppDataEndpoints" name="test_referrals_stats" time="0.069" /><testcase classname="backend.tests.test_paypal_flow.TestAdminGating" name="test_admin_users_admin_200" time="0.122" /><testcase classname="backend.tests.test_paypal_flow.TestAdminGating" name="test_admin_users_non_admin_forbidden" time="0.047" /></testsuite></testsuites>