<?xml version="1.0" encoding="utf-8"?><testsuites name="pytest tests"><testsuite name="pytest" errors="0" failures="1" skipped="0" tests="8" time="1.096" timestamp="2026-06-08T21:57:13.783275+00:00" hostname="agent-env-f2477920-d013-47d1-9080-2cd0d0914b65"><testcase classname="tests.test_admin_actions" name="test_activity_recent_public" time="0.310" /><testcase classname="tests.test_admin_actions" name="test_admin_users_requires_auth" time="0.054" /><testcase classname="tests.test_admin_actions" name="test_admin_users_rejects_non_admin" time="0.118"><failure message="AssertionError: non-admin should be rejected got 500&#10;assert 500 in (401, 403)&#10; +  where 500 = &lt;Response [500]&gt;.status_code">tests/test_admin_actions.py:92: in test_admin_users_rejects_non_admin
    assert r.status_code in (401, 403), f"non-admin should be rejected got {r.status_code}"
E   AssertionError: non-admin should be rejected got 500
E   assert 500 in (401, 403)
E    +  where 500 = &lt;Response [500]&gt;.status_code</failure></testcase><testcase classname="tests.test_admin_actions" name="test_admin_give_btc_rejects_non_admin" time="0.054" /><testcase classname="tests.test_admin_actions" name="test_admin_users_has_expected_fields" time="0.101" /><testcase classname="tests.test_admin_actions" name="test_give_btc_to_test_user" time="0.109" /><testcase classname="tests.test_admin_actions" name="test_reset_test_user" time="0.116" /><testcase classname="tests.test_admin_actions" name="test_delete_throwaway_user" time="0.158" /></testsuite></testsuites>